<?xml version="1.0" encoding="UTF-8"?>
<testsuite name="creation" tests="2" skipped="0" failures="0" errors="0" timestamp="2026-02-04T00:13:15.801Z" hostname="RubenS" time="0.007">
  <properties/>
  <testcase name="createsWithAmountAndDefaultCurrency()" classname="com.example.management.domain.model.MoneyTest$Creation" time="0.002"/>
  <testcase name="createsWithAmountAndCurrency()" classname="com.example.management.domain.model.MoneyTest$Creation" time="0.003"/>
  <system-out><![CDATA[]]></system-out>
  <system-err><![CDATA[]]></system-err>
</testsuite>
