<?xml version="1.0" encoding="UTF-8"?>
<testsuite name="Order total amount" tests="2" skipped="0" failures="0" errors="0" timestamp="2026-02-18T17:53:20" hostname="RubenS" time="0.003">
  <properties/>
  <testcase name="total equals sum of line totals" classname="com.example.order_management.domain.OrderTotalAmountTest" time="0.001"/>
  <testcase name="single item total is unitPrice times quantity" classname="com.example.order_management.domain.OrderTotalAmountTest" time="0.001"/>
  <system-out><![CDATA[]]></system-out>
  <system-err><![CDATA[]]></system-err>
</testsuite>
