<?xml version="1.0" encoding="UTF-8"?>
<testsuite name="markOrderAsPaid" tests="2" skipped="0" failures="0" errors="0" timestamp="2026-02-04T00:11:09.531Z" hostname="RubenS" time="0.031">
  <properties/>
  <testcase name="throwsWhenOrderNotFound()" classname="com.example.management.application.services.OrderManagementServiceTest$MarkOrderAsPaid" time="0.008"/>
  <testcase name="marksOrderAsPaidAndSaves()" classname="com.example.management.application.services.OrderManagementServiceTest$MarkOrderAsPaid" time="0.016"/>
  <system-out><![CDATA[]]></system-out>
  <system-err><![CDATA[]]></system-err>
</testsuite>
