<?xml version="1.0" encoding="UTF-8"?>
<testsuite name="Address Value Object Tests" tests="3" skipped="0" failures="0" errors="0" timestamp="2026-02-18T15:46:41" hostname="RubenS" time="0.093">
  <properties/>
  <testcase name="Should create Address with all fields" classname="com.example.order_management.domain.model.AddressTest" time="0.083"/>
  <testcase name="Should not be equal when fields differ" classname="com.example.order_management.domain.model.AddressTest" time="0.003"/>
  <testcase name="Should be equal when all fields are the same" classname="com.example.order_management.domain.model.AddressTest" time="0.003"/>
  <system-out><![CDATA[]]></system-out>
  <system-err><![CDATA[]]></system-err>
</testsuite>
