<?xml version="1.0" encoding="UTF-8"?>
<testsuite name="equality" tests="3" skipped="0" failures="0" errors="0" timestamp="2026-02-25T22:12:15" hostname="RubenS" time="0.012">
  <properties/>
  <testcase name="notEqualsWhenCurrencyDiffers()" classname="com.example.management.domain.valueobject.MoneyTest$Equality" time="0.005"/>
  <testcase name="equalsByAmountAndCurrency()" classname="com.example.management.domain.valueobject.MoneyTest$Equality" time="0.001"/>
  <testcase name="notEqualsWhenAmountDiffers()" classname="com.example.management.domain.valueobject.MoneyTest$Equality" time="0.002"/>
  <system-out><![CDATA[]]></system-out>
  <system-err><![CDATA[]]></system-err>
</testsuite>
