<?xml version="1.0" encoding="UTF-8"?>
<testsuite name="creation" tests="5" skipped="0" failures="0" errors="0" timestamp="2026-02-25T22:12:14" hostname="RubenS" time="0.222">
  <properties/>
  <testcase name="createsWithPositiveQuantityAndNonNegativePrice()" classname="com.example.management.domain.model.OrderItemTest$Creation" time="0.031"/>
  <testcase name="rejectsZeroQuantity()" classname="com.example.management.domain.model.OrderItemTest$Creation" time="0.101"/>
  <testcase name="rejectsNegativeUnitPrice()" classname="com.example.management.domain.model.OrderItemTest$Creation" time="0.014"/>
  <testcase name="rejectsNegativeQuantity()" classname="com.example.management.domain.model.OrderItemTest$Creation" time="0.033"/>
  <testcase name="acceptsZeroUnitPrice()" classname="com.example.management.domain.model.OrderItemTest$Creation" time="0.006"/>
  <system-out><![CDATA[]]></system-out>
  <system-err><![CDATA[]]></system-err>
</testsuite>
