<?xml version="1.0" encoding="UTF-8"?>
<testsuite name="POST /orders" tests="2" skipped="0" failures="0" errors="0" timestamp="2026-02-04T00:08:08.947Z" hostname="RubenS" time="0.055">
  <properties/>
  <testcase name="creates_order_and_returns_201_with_body()" classname="com.example.management.infrastructure.adapters.in.web.OrderRestControllerIntegrationTest$CreateOrder" time="0.029"/>
  <testcase name="returns_400_when_no_items()" classname="com.example.management.infrastructure.adapters.in.web.OrderRestControllerIntegrationTest$CreateOrder" time="0.022"/>
  <system-out><![CDATA[2026-02-03T19:08:08.932-05:00  INFO 4441 --- [management] [    Test worker] t.c.s.AnnotationConfigContextLoaderUtils : Could not detect default configuration classes for test class [com.example.management.infrastructure.adapters.in.web.OrderRestControllerIntegrationTest$CreateOrder]: CreateOrder does not declare any static, non-private, non-final, nested classes annotated with @Configuration.
2026-02-03T19:08:08.938-05:00  INFO 4441 --- [management] [    Test worker] .b.t.c.SpringBootTestContextBootstrapper : Found @SpringBootConfiguration com.example.management.ManagementApplication for test class com.example.management.infrastructure.adapters.in.web.OrderRestControllerIntegrationTest$CreateOrder
]]></system-out>
  <system-err><![CDATA[]]></system-err>
</testsuite>
