<?xml version="1.0" encoding="UTF-8"?>
<testsuite name="markOrderAsShipped" tests="2" skipped="0" failures="0" errors="0" timestamp="2026-02-04T00:13:15.586Z" hostname="RubenS" time="0.025">
  <properties/>
  <testcase name="throwsWhenOrderNotFound()" classname="com.example.management.application.services.OrderManagementServiceTest$MarkOrderAsShipped" time="0.01"/>
  <testcase name="marksOrderAsShippedAndSaves()" classname="com.example.management.application.services.OrderManagementServiceTest$MarkOrderAsShipped" time="0.011"/>
  <system-out><![CDATA[]]></system-out>
  <system-err><![CDATA[]]></system-err>
</testsuite>
