<?xml version="1.0" encoding="UTF-8"?>
<testsuite name="creation" tests="4" skipped="0" failures="0" errors="0" timestamp="2026-02-04T00:13:15.821Z" hostname="RubenS" time="0.013">
  <properties/>
  <testcase name="createsWithPositiveQuantityAndNonNegativePrice()" classname="com.example.management.domain.model.OrderItemTest$Creation" time="0.002"/>
  <testcase name="quantityMustBeStrictlyPositive()" classname="com.example.management.domain.model.OrderItemTest$Creation" time="0.003"/>
  <testcase name="acceptsZeroUnitPrice()" classname="com.example.management.domain.model.OrderItemTest$Creation" time="0.001"/>
  <testcase name="unitPriceCannotBeNegative()" classname="com.example.management.domain.model.OrderItemTest$Creation" time="0.002"/>
  <system-out><![CDATA[]]></system-out>
  <system-err><![CDATA[]]></system-err>
</testsuite>
