<?xml version="1.0" encoding="UTF-8"?>
<testsuite name="ship" tests="2" skipped="0" failures="0" errors="0" timestamp="2026-02-18T17:53:18" hostname="RubenS" time="1.619">
  <properties/>
  <testcase name="ships order with address and saves" classname="com.example.order_management.application.services.OrderApplicationServiceTest$Ship" time="1.603"/>
  <testcase name="throws when order not found" classname="com.example.order_management.application.services.OrderApplicationServiceTest$Ship" time="0.012"/>
  <system-out><![CDATA[]]></system-out>
  <system-err><![CDATA[]]></system-err>
</testsuite>
