<?xml version="1.0" encoding="UTF-8"?>
<testsuite name="state transitions" tests="4" skipped="0" failures="0" errors="0" timestamp="2026-02-04T00:13:15.843Z" hostname="RubenS" time="0.016">
  <properties/>
  <testcase name="cannotCancelWhenShipped()" classname="com.example.management.domain.model.OrderTest$StateTransitions" time="0.004"/>
  <testcase name="canCancelWhenPending()" classname="com.example.management.domain.model.OrderTest$StateTransitions" time="0.002"/>
  <testcase name="canCancelWhenPaid()" classname="com.example.management.domain.model.OrderTest$StateTransitions" time="0.001"/>
  <testcase name="canShipOnlyWhenPaid()" classname="com.example.management.domain.model.OrderTest$StateTransitions" time="0.004"/>
  <system-out><![CDATA[]]></system-out>
  <system-err><![CDATA[]]></system-err>
</testsuite>
