<?xml version="1.0" encoding="UTF-8"?>
<testsuite name="creation" tests="3" skipped="0" failures="0" errors="0" timestamp="2026-02-25T22:12:15" hostname="RubenS" time="0.021">
  <properties/>
  <testcase name="rejectsNegativeAmount()" classname="com.example.management.domain.valueobject.MoneyTest$Creation" time="0.003"/>
  <testcase name="createsWithAmountAndExplicitCurrency()" classname="com.example.management.domain.valueobject.MoneyTest$Creation" time="0.004"/>
  <testcase name="createsWithAmountAndDefaultCurrencyUsd()" classname="com.example.management.domain.valueobject.MoneyTest$Creation" time="0.002"/>
  <system-out><![CDATA[]]></system-out>
  <system-err><![CDATA[]]></system-err>
</testsuite>
