<?xml version="1.0" encoding="UTF-8"?>
<testsuite name="getOrder" tests="2" skipped="0" failures="0" errors="0" timestamp="2026-02-04T00:13:15.686Z" hostname="RubenS" time="0.016">
  <properties/>
  <testcase name="returnsOrderWhenFound()" classname="com.example.management.application.services.OrderManagementServiceTest$GetOrder" time="0.007"/>
  <testcase name="returnsEmptyWhenOrderNotFound()" classname="com.example.management.application.services.OrderManagementServiceTest$GetOrder" time="0.007"/>
  <system-out><![CDATA[]]></system-out>
  <system-err><![CDATA[]]></system-err>
</testsuite>
