<?xml version="1.0" encoding="UTF-8"?>
<testsuite name="minimum order value" tests="2" skipped="0" failures="0" errors="0" timestamp="2026-02-04T00:11:09.843Z" hostname="RubenS" time="0.018">
  <properties/>
  <testcase name="cannotMarkAsPaidWhenTotalLessThan10Usd()" classname="com.example.management.domain.model.OrderTest$MinimumOrderValue" time="0.012"/>
  <testcase name="canMarkAsPaidWhenTotalAtLeast10Usd()" classname="com.example.management.domain.model.OrderTest$MinimumOrderValue" time="0.002"/>
  <system-out><![CDATA[]]></system-out>
  <system-err><![CDATA[]]></system-err>
</testsuite>
