<?xml version="1.0" encoding="UTF-8"?>
<testsuite name="Address" tests="2" skipped="0" failures="0" errors="0" timestamp="2026-02-18T17:53:20" hostname="RubenS" time="0.004">
  <properties/>
  <testcase name="of creates address with all fields" classname="com.example.order_management.domain.valueobject.AddressTest" time="0.001"/>
  <testcase name="equals and hashCode by all fields" classname="com.example.order_management.domain.valueobject.AddressTest" time="0.001"/>
  <system-out><![CDATA[]]></system-out>
  <system-err><![CDATA[]]></system-err>
</testsuite>
