<?xml version="1.0" encoding="UTF-8"?>
<testsuite name="OrderItem Entity Tests" tests="4" skipped="0" failures="0" errors="0" timestamp="2026-02-18T15:46:41" hostname="RubenS" time="0.016">
  <properties/>
  <testcase name="Should calculate total price correctly" classname="com.example.order_management.domain.model.OrderItemTest" time="0.003"/>
  <testcase name="Should create OrderItem with valid quantity and price" classname="com.example.order_management.domain.model.OrderItemTest" time="0.002"/>
  <testcase name="Should throw exception when unitPrice is null" classname="com.example.order_management.domain.model.OrderItemTest" time="0.003"/>
  <testcase name="Should throw exception when quantity is zero or negative" classname="com.example.order_management.domain.model.OrderItemTest" time="0.004"/>
  <system-out><![CDATA[]]></system-out>
  <system-err><![CDATA[]]></system-err>
</testsuite>
