<?xml version="1.0" encoding="UTF-8"?>
<testsuite name="Address Value Object" tests="2" skipped="0" failures="0" errors="0" timestamp="2026-02-25T22:12:15" hostname="RubenS" time="0.017">
  <properties/>
  <testcase name="equalsByAllFields()" classname="com.example.management.domain.valueobject.AddressTest" time="0.003"/>
  <testcase name="holdsStreetCityZipCodeCountry()" classname="com.example.management.domain.valueobject.AddressTest" time="0.012"/>
  <system-out><![CDATA[]]></system-out>
  <system-err><![CDATA[]]></system-err>
</testsuite>
