<?xml version="1.0" encoding="UTF-8"?>
<testsuite name="ship" tests="3" skipped="0" failures="0" errors="0" timestamp="2026-02-25T22:03:36" hostname="RubenS" time="0.019">
  <properties/>
  <testcase name="rejectsShipWhenAlreadyShipped()" classname="com.example.management.domain.model.OrderTest$Ship" time="0.005"/>
  <testcase name="rejectsShipWhenPending()" classname="com.example.management.domain.model.OrderTest$Ship" time="0.003"/>
  <testcase name="shipsWhenPaid()" classname="com.example.management.domain.model.OrderTest$Ship" time="0.003"/>
  <system-out><![CDATA[]]></system-out>
  <system-err><![CDATA[]]></system-err>
</testsuite>
