<?xml version="1.0" encoding="UTF-8"?>
<testsuite name="ship" tests="3" skipped="0" failures="0" errors="0" timestamp="2026-02-25T22:12:14" hostname="RubenS" time="0.045">
  <properties/>
  <testcase name="rejectsShipWhenAlreadyShipped()" classname="com.example.management.domain.model.OrderTest$Ship" time="0.007"/>
  <testcase name="rejectsShipWhenPending()" classname="com.example.management.domain.model.OrderTest$Ship" time="0.004"/>
  <testcase name="shipsWhenPaid()" classname="com.example.management.domain.model.OrderTest$Ship" time="0.004"/>
  <system-out><![CDATA[]]></system-out>
  <system-err><![CDATA[]]></system-err>
</testsuite>
