<?xml version="1.0" encoding="UTF-8"?>
<testsuite name="cancel" tests="2" skipped="0" failures="0" errors="0" timestamp="2026-02-18T17:57:18" hostname="RubenS" time="0.082">
  <properties/>
  <testcase name="throws when order not found" classname="com.example.order_management.application.services.OrderApplicationServiceTest$Cancel" time="0.039"/>
  <testcase name="cancels order and saves" classname="com.example.order_management.application.services.OrderApplicationServiceTest$Cancel" time="0.024"/>
  <system-out><![CDATA[]]></system-out>
  <system-err><![CDATA[]]></system-err>
</testsuite>
