<?xml version="1.0" encoding="UTF-8"?>
<testsuite name="OrderId" tests="6" skipped="0" failures="0" errors="0" timestamp="2026-02-18T17:53:20" hostname="RubenS" time="0.013">
  <properties/>
  <testcase name="equals by value" classname="com.example.order_management.domain.valueobject.OrderIdTest" time="0.001"/>
  <testcase name="toString returns UUID string" classname="com.example.order_management.domain.valueobject.OrderIdTest" time="0.001"/>
  <testcase name="generate creates new id with random UUID" classname="com.example.order_management.domain.valueobject.OrderIdTest" time="0.001"/>
  <testcase name="of wraps given UUID" classname="com.example.order_management.domain.valueobject.OrderIdTest" time="0.0"/>
  <testcase name="of throws when value is null" classname="com.example.order_management.domain.valueobject.OrderIdTest" time="0.002"/>
  <testcase name="not equal when different UUID" classname="com.example.order_management.domain.valueobject.OrderIdTest" time="0.001"/>
  <system-out><![CDATA[]]></system-out>
  <system-err><![CDATA[]]></system-err>
</testsuite>
