<?xml version="1.0" encoding="UTF-8"?>
<testsuite name="invalid input" tests="2" skipped="0" failures="0" errors="0" timestamp="2026-02-18T17:57:18" hostname="RubenS" time="0.009">
  <properties/>
  <testcase name="throws when items is null" classname="com.example.order_management.domain.DefaultAmountCalculationStrategyTest$InvalidInput" time="0.004"/>
  <testcase name="throws when items is empty" classname="com.example.order_management.domain.DefaultAmountCalculationStrategyTest$InvalidInput" time="0.003"/>
  <system-out><![CDATA[]]></system-out>
  <system-err><![CDATA[]]></system-err>
</testsuite>
