<?xml version="1.0" encoding="UTF-8"?>
<testsuite name="equality" tests="3" skipped="0" failures="0" errors="0" timestamp="2026-02-25T21:46:42" hostname="RubenS" time="0.017">
  <properties/>
  <testcase name="notEqualsWhenCurrencyDiffers()" classname="com.example.management.domain.valueobject.MoneyTest$Equality" time="0.003"/>
  <testcase name="equalsByAmountAndCurrency()" classname="com.example.management.domain.valueobject.MoneyTest$Equality" time="0.004"/>
  <testcase name="notEqualsWhenAmountDiffers()" classname="com.example.management.domain.valueobject.MoneyTest$Equality" time="0.003"/>
  <system-out><![CDATA[]]></system-out>
  <system-err><![CDATA[]]></system-err>
</testsuite>
