<?xml version="1.0" encoding="UTF-8"?>
<testsuite name="markAsPaid" tests="2" skipped="0" failures="0" errors="0" timestamp="2026-02-18T17:53:20" hostname="RubenS" time="0.023">
  <properties/>
  <testcase name="throws when order not found" classname="com.example.order_management.application.services.OrderApplicationServiceTest$MarkAsPaid" time="0.01"/>
  <testcase name="charges payment gateway and marks order as paid then saves" classname="com.example.order_management.application.services.OrderApplicationServiceTest$MarkAsPaid" time="0.011"/>
  <system-out><![CDATA[]]></system-out>
  <system-err><![CDATA[]]></system-err>
</testsuite>
