<?xml version="1.0" encoding="UTF-8"?>
<testsuite name="cancel" tests="4" skipped="0" failures="0" errors="0" timestamp="2026-02-25T22:03:36" hostname="RubenS" time="0.055">
  <properties/>
  <testcase name="cancelsWhenPending()" classname="com.example.management.domain.model.OrderTest$Cancel" time="0.005"/>
  <testcase name="cancelsWhenPaid()" classname="com.example.management.domain.model.OrderTest$Cancel" time="0.005"/>
  <testcase name="rejectsCancelWhenAlreadyCancelled()" classname="com.example.management.domain.model.OrderTest$Cancel" time="0.03"/>
  <testcase name="rejectsCancelWhenShipped()" classname="com.example.management.domain.model.OrderTest$Cancel" time="0.004"/>
  <system-out><![CDATA[]]></system-out>
  <system-err><![CDATA[]]></system-err>
</testsuite>
