<?xml version="1.0" encoding="UTF-8"?>
<testsuite name="mark as paid" tests="3" skipped="0" failures="0" errors="0" timestamp="2026-02-25T22:12:15" hostname="RubenS" time="0.037">
  <properties/>
  <testcase name="rejectsPaidWhenNotPending()" classname="com.example.management.domain.model.OrderTest$MarkAsPaid" time="0.014"/>
  <testcase name="allowsPaidWhenTotalAtLeast10Usd()" classname="com.example.management.domain.model.OrderTest$MarkAsPaid" time="0.006"/>
  <testcase name="rejectsPaidWhenTotalLessThan10Usd()" classname="com.example.management.domain.model.OrderTest$MarkAsPaid" time="0.005"/>
  <system-out><![CDATA[]]></system-out>
  <system-err><![CDATA[]]></system-err>
</testsuite>
