<?xml version="1.0" encoding="UTF-8"?>
<testsuite name="multiplication" tests="2" skipped="0" failures="0" errors="0" timestamp="2026-02-25T22:12:15" hostname="RubenS" time="0.014">
  <properties/>
  <testcase name="multipliesByPositiveScalar()" classname="com.example.management.domain.valueobject.MoneyTest$Multiplication" time="0.002"/>
  <testcase name="multiplyByZero()" classname="com.example.management.domain.valueobject.MoneyTest$Multiplication" time="0.009"/>
  <system-out><![CDATA[]]></system-out>
  <system-err><![CDATA[]]></system-err>
</testsuite>
