<?xml version="1.0" encoding="UTF-8"?>
<testsuite name="com.example.order_management.infrastructure.adapters.out.persistence.OrderRepositoryAdapterIntegrationTest" tests="4" skipped="0" failures="0" errors="0" timestamp="2026-02-18T17:53:23" hostname="RubenS" time="0.333">
  <properties/>
  <testcase name="save persists order and returns it" classname="com.example.order_management.infrastructure.adapters.out.persistence.OrderRepositoryAdapterIntegrationTest" time="0.255"/>
  <testcase name="findById returns empty when order does not exist" classname="com.example.order_management.infrastructure.adapters.out.persistence.OrderRepositoryAdapterIntegrationTest" time="0.023"/>
  <testcase name="findById returns saved order" classname="com.example.order_management.infrastructure.adapters.out.persistence.OrderRepositoryAdapterIntegrationTest" time="0.023"/>
  <testcase name="saved order can be updated and found with new status" classname="com.example.order_management.infrastructure.adapters.out.persistence.OrderRepositoryAdapterIntegrationTest" time="0.023"/>
  <system-out><![CDATA[12:53:18.422 [Test worker] INFO org.springframework.test.context.support.AnnotationConfigContextLoaderUtils -- Could not detect default configuration classes for test class [com.example.order_management.infrastructure.adapters.out.persistence.OrderRepositoryAdapterIntegrationTest]: OrderRepositoryAdapterIntegrationTest does not declare any static, non-private, non-final, nested classes annotated with @Configuration.
12:53:18.661 [Test worker] INFO org.springframework.boot.test.context.SpringBootTestContextBootstrapper -- Found @SpringBootConfiguration com.example.order_management.OrderManagementApplication for test class com.example.order_management.infrastructure.adapters.out.persistence.OrderRepositoryAdapterIntegrationTest

  .   ____          _            __ _ _
 /\\ / ___'_ __ _ _(_)_ __  __ _ \ \ \ \
( ( )\___ | '_ | '_| | '_ \/ _` | \ \ \ \
 \\/  ___)| |_)| | | | | || (_| |  ) ) ) )
  '  |____| .__|_| |_|_| |_\__, | / / / /
 =========|_|==============|___/=/_/_/_/
 :: Spring Boot ::                (v3.2.0)

2026-02-18T12:53:19.419-05:00  INFO 12759 --- [order_management] [    Test worker] .p.OrderRepositoryAdapterIntegrationTest : Starting OrderRepositoryAdapterIntegrationTest using Java 17.0.18 with PID 12759 (started by root in /root/agent_code_generator/workspaces/order_management_java/order-management_v2)
2026-02-18T12:53:19.422-05:00  INFO 12759 --- [order_management] [    Test worker] .p.OrderRepositoryAdapterIntegrationTest : The following 1 profile is active: "h2"
2026-02-18T12:53:20.040-05:00  INFO 12759 --- [order_management] [    Test worker] .s.d.r.c.RepositoryConfigurationDelegate : Bootstrapping Spring Data JPA repositories in DEFAULT mode.
2026-02-18T12:53:20.147-05:00  INFO 12759 --- [order_management] [    Test worker] .s.d.r.c.RepositoryConfigurationDelegate : Finished Spring Data repository scanning in 90 ms. Found 1 JPA repository interface.
2026-02-18T12:53:20.251-05:00  INFO 12759 --- [order_management] [    Test worker] beddedDataSourceBeanFactoryPostProcessor : Replacing 'dataSource' DataSource bean with embedded version
2026-02-18T12:53:20.546-05:00  INFO 12759 --- [order_management] [    Test worker] o.s.j.d.e.EmbeddedDatabaseFactory        : Starting embedded database: url='jdbc:h2:mem:aa29e3b0-dc15-4272-bd11-d55638f4bb06;DB_CLOSE_DELAY=-1;DB_CLOSE_ON_EXIT=false', username='sa'
2026-02-18T12:53:21.200-05:00  INFO 12759 --- [order_management] [    Test worker] o.hibernate.jpa.internal.util.LogHelper  : HHH000204: Processing PersistenceUnitInfo [name: default]
2026-02-18T12:53:21.287-05:00  INFO 12759 --- [order_management] [    Test worker] org.hibernate.Version                    : HHH000412: Hibernate ORM core version 6.3.1.Final
2026-02-18T12:53:21.343-05:00  INFO 12759 --- [order_management] [    Test worker] o.h.c.internal.RegionFactoryInitiator    : HHH000026: Second-level cache disabled
2026-02-18T12:53:21.504-05:00  INFO 12759 --- [order_management] [    Test worker] o.s.o.j.p.SpringPersistenceUnitInfo      : No LoadTimeWeaver setup: ignoring JPA class transformer
2026-02-18T12:53:22.695-05:00  INFO 12759 --- [order_management] [    Test worker] o.h.e.t.j.p.i.JtaPlatformInitiator       : HHH000489: No JTA platform available (set 'hibernate.transaction.jta.platform' to enable JTA platform integration)
Hibernate: drop table if exists order_items cascade 
Hibernate: drop table if exists orders cascade 
Hibernate: create table order_items (quantity integer not null, unit_price_amount numeric(19,2) not null, unit_price_currency varchar(3) not null, id bigint generated by default as identity, order_id uuid not null, product_id varchar(255) not null, primary key (id))
Hibernate: create table orders (id uuid not null, shipping_city varchar(255), shipping_country varchar(255), shipping_street varchar(255), shipping_zip_code varchar(255), status varchar(255) not null check (status in ('PENDING','PAID','SHIPPED','CANCELLED')), primary key (id))
Hibernate: alter table if exists order_items add constraint FKbioxgbv59vetrxe0ejfubep1w foreign key (order_id) references orders
2026-02-18T12:53:22.784-05:00  INFO 12759 --- [order_management] [    Test worker] j.LocalContainerEntityManagerFactoryBean : Initialized JPA EntityManagerFactory for persistence unit 'default'
2026-02-18T12:53:23.267-05:00  INFO 12759 --- [order_management] [    Test worker] .p.OrderRepositoryAdapterIntegrationTest : Started OrderRepositoryAdapterIntegrationTest in 4.504 seconds (process running for 8.5)
Hibernate: select oe1_0.id,oe1_0.shipping_city,oe1_0.shipping_country,oe1_0.shipping_street,oe1_0.shipping_zip_code,oe1_0.status,i1_0.order_id,i1_0.id,i1_0.product_id,i1_0.quantity,i1_0.unit_price_amount,i1_0.unit_price_currency from orders oe1_0 left join order_items i1_0 on oe1_0.id=i1_0.order_id where oe1_0.id=?
Hibernate: insert into orders (shipping_city,shipping_country,shipping_street,shipping_zip_code,status,id) values (?,?,?,?,?,?)
Hibernate: insert into order_items (order_id,product_id,quantity,unit_price_amount,unit_price_currency,id) values (?,?,?,?,?,default)
Hibernate: select oe1_0.id,oe1_0.shipping_city,oe1_0.shipping_country,oe1_0.shipping_street,oe1_0.shipping_zip_code,oe1_0.status from orders oe1_0 where oe1_0.id=?
Hibernate: select oe1_0.id,oe1_0.shipping_city,oe1_0.shipping_country,oe1_0.shipping_street,oe1_0.shipping_zip_code,oe1_0.status,i1_0.order_id,i1_0.id,i1_0.product_id,i1_0.quantity,i1_0.unit_price_amount,i1_0.unit_price_currency from orders oe1_0 left join order_items i1_0 on oe1_0.id=i1_0.order_id where oe1_0.id=?
Hibernate: insert into orders (shipping_city,shipping_country,shipping_street,shipping_zip_code,status,id) values (?,?,?,?,?,?)
Hibernate: insert into order_items (order_id,product_id,quantity,unit_price_amount,unit_price_currency,id) values (?,?,?,?,?,default)
Hibernate: select oe1_0.id,oe1_0.shipping_city,oe1_0.shipping_country,oe1_0.shipping_street,oe1_0.shipping_zip_code,oe1_0.status,i1_0.order_id,i1_0.id,i1_0.product_id,i1_0.quantity,i1_0.unit_price_amount,i1_0.unit_price_currency from orders oe1_0 left join order_items i1_0 on oe1_0.id=i1_0.order_id where oe1_0.id=?
Hibernate: insert into orders (shipping_city,shipping_country,shipping_street,shipping_zip_code,status,id) values (?,?,?,?,?,?)
Hibernate: insert into order_items (order_id,product_id,quantity,unit_price_amount,unit_price_currency,id) values (?,?,?,?,?,default)
Hibernate: insert into order_items (order_id,product_id,quantity,unit_price_amount,unit_price_currency,id) values (?,?,?,?,?,default)
]]></system-out>
  <system-err><![CDATA[]]></system-err>
</testsuite>
