<?xml version="1.0" encoding="UTF-8"?>
<testsuite name="Address Value Object" tests="2" skipped="0" failures="0" errors="0" timestamp="2026-02-04T00:08:06.786Z" hostname="RubenS" time="0.104">
  <properties/>
  <testcase name="equalsByValue()" classname="com.example.management.domain.model.AddressTest" time="0.097"/>
  <testcase name="createsWithAllAttributes()" classname="com.example.management.domain.model.AddressTest" time="0.005"/>
  <system-out><![CDATA[]]></system-out>
  <system-err><![CDATA[]]></system-err>
</testsuite>
