<?xml version="1.0" encoding="UTF-8"?>
<testsuite name="CANCELLED" tests="3" skipped="0" failures="0" errors="0" timestamp="2026-02-18T17:57:18" hostname="RubenS" time="0.023">
  <properties/>
  <testcase name="allowed from PAID" classname="com.example.order_management.domain.OrderStatusTransitionTest$Cancelled" time="0.005"/>
  <testcase name="allowed from PENDING" classname="com.example.order_management.domain.OrderStatusTransitionTest$Cancelled" time="0.004"/>
  <testcase name="not allowed from SHIPPED" classname="com.example.order_management.domain.OrderStatusTransitionTest$Cancelled" time="0.009"/>
  <system-out><![CDATA[]]></system-out>
  <system-err><![CDATA[]]></system-err>
</testsuite>
