<?xml version="1.0" encoding="UTF-8"?>
<testsuite name="fromPersistence" tests="6" skipped="0" failures="0" errors="0" timestamp="2026-02-18T17:53:20" hostname="RubenS" time="0.017">
  <properties/>
  <testcase name="reconstitutes with null shipping address" classname="com.example.order_management.domain.OrderFactoryTest$FromPersistence" time="0.001"/>
  <testcase name="throws when status is null" classname="com.example.order_management.domain.OrderFactoryTest$FromPersistence" time="0.002"/>
  <testcase name="throws when items is null" classname="com.example.order_management.domain.OrderFactoryTest$FromPersistence" time="0.002"/>
  <testcase name="throws when id is null" classname="com.example.order_management.domain.OrderFactoryTest$FromPersistence" time="0.003"/>
  <testcase name="throws when items is empty" classname="com.example.order_management.domain.OrderFactoryTest$FromPersistence" time="0.002"/>
  <testcase name="reconstitutes order with status and optional shipping address" classname="com.example.order_management.domain.OrderFactoryTest$FromPersistence" time="0.001"/>
  <system-out><![CDATA[]]></system-out>
  <system-err><![CDATA[]]></system-err>
</testsuite>
