<?xml version="1.0" encoding="UTF-8"?>
<testsuite name="creation" tests="3" skipped="0" failures="0" errors="0" timestamp="2026-02-25T22:12:15" hostname="RubenS" time="0.06">
  <properties/>
  <testcase name="rejectsEmptyItems()" classname="com.example.management.domain.model.OrderTest$Creation" time="0.015"/>
  <testcase name="createsWithAtLeastOneItem()" classname="com.example.management.domain.model.OrderTest$Creation" time="0.037"/>
  <testcase name="totalAmountIsSumOfLineTotals()" classname="com.example.management.domain.model.OrderTest$Creation" time="0.002"/>
  <system-out><![CDATA[]]></system-out>
  <system-err><![CDATA[]]></system-err>
</testsuite>
