<?xml version="1.0" encoding="UTF-8"?>
<testsuite name="subtraction" tests="2" skipped="0" failures="0" errors="0" timestamp="2026-02-25T22:12:15" hostname="RubenS" time="0.028">
  <properties/>
  <testcase name="subtractsSameCurrency()" classname="com.example.management.domain.valueobject.MoneyTest$Subtraction" time="0.002"/>
  <testcase name="subtractThrowsWhenCurrenciesDiffer()" classname="com.example.management.domain.valueobject.MoneyTest$Subtraction" time="0.023"/>
  <system-out><![CDATA[]]></system-out>
  <system-err><![CDATA[]]></system-err>
</testsuite>
