<?xml version="1.0" encoding="UTF-8"?>
<testsuite name="GET /orders/{id}" tests="2" skipped="0" failures="0" errors="0" timestamp="2026-02-04T00:11:12.574Z" hostname="RubenS" time="0.041">
  <properties/>
  <testcase name="returns_200_and_order_when_found()" classname="com.example.management.infrastructure.adapters.in.web.OrderRestControllerIntegrationTest$GetOrder" time="0.025"/>
  <testcase name="returns_404_when_not_found()" classname="com.example.management.infrastructure.adapters.in.web.OrderRestControllerIntegrationTest$GetOrder" time="0.011"/>
  <system-out><![CDATA[2026-02-03T19:11:12.551-05:00  INFO 6149 --- [management] [    Test worker] t.c.s.AnnotationConfigContextLoaderUtils : Could not detect default configuration classes for test class [com.example.management.infrastructure.adapters.in.web.OrderRestControllerIntegrationTest$GetOrder]: GetOrder does not declare any static, non-private, non-final, nested classes annotated with @Configuration.
2026-02-03T19:11:12.561-05:00  INFO 6149 --- [management] [    Test worker] .b.t.c.SpringBootTestContextBootstrapper : Found @SpringBootConfiguration com.example.management.ManagementApplication for test class com.example.management.infrastructure.adapters.in.web.OrderRestControllerIntegrationTest$GetOrder
]]></system-out>
  <system-err><![CDATA[]]></system-err>
</testsuite>
