<?xml version="1.0" encoding="UTF-8"?>
<testsuite name="invalid input" tests="2" skipped="0" failures="0" errors="0" timestamp="2026-02-18T17:53:20" hostname="RubenS" time="0.006">
  <properties/>
  <testcase name="throws when items is null" classname="com.example.order_management.domain.DefaultAmountCalculationStrategyTest$InvalidInput" time="0.003"/>
  <testcase name="throws when items is empty" classname="com.example.order_management.domain.DefaultAmountCalculationStrategyTest$InvalidInput" time="0.001"/>
  <system-out><![CDATA[]]></system-out>
  <system-err><![CDATA[]]></system-err>
</testsuite>
